Log file open, 07/16/18 15:11:05
LogWindows: Failed to load 'aqProf.dll' (GetLastError=126)
LogWindows: File 'aqProf.dll' does not exist
LogWindows: Failed to load 'VtuneApi.dll' (GetLastError=126)
LogWindows: File 'VtuneApi.dll' does not exist
LogWindows: Failed to load 'VtuneApi32e.dll' (GetLastError=126)
LogWindows: File 'VtuneApi32e.dll' does not exist
LogInit: Display: Running engine for game: UE4Learning
LogPlatformFile: Not using cached read wrapper
LogInit: Display: RandInit(-1647314603) SRandInit(-1647314603).
LogInit: Read version file with build ID '3944462'
LogInit: Overriding engine version to CL 4033788, compatible CL 3944462
LogInit: Registered custom module enumerator with build ID '3944462'
LogTaskGraph: Started task graph with 5 named threads and 35 total threads with 3 sets of task threads.
LogStats: Stats thread started at 0.392298
LogD3D11RHI: Aftermath initialized
LogICUInternationalization: Display: ICU TimeZone Detection - Raw Offset: +8:00, Platform Override: ''
LogModuleManager: Display: Found up-to-date module file ../../../Engine/Plugins/2D/Paper2D/Binaries/Win64/UE4Editor-Paper2D.dll (API version 3944462).
LogModuleManager: Display: Found up-to-date module file ../../../Engine/Plugins/2D/Paper2D/Binaries/Win64/UE4Editor-Paper2DEditor.dll (API version 3944462).
LogModuleManager: Display: Found up-to-date module file ../../../Engine/Plugins/2D/Paper2D/Binaries/Win64/UE4Editor-PaperSpriteSheetImporter.dll (API version 3944462).
LogModuleManager: Display: Found up-to-date module file ../../../Engine/Plugins/2D/Paper2D/Binaries/Win64/UE4Editor-PaperTiledImporter.dll (API version 3944462).
LogModuleManager: Display: Found up-to-date module file ../../../Engine/Plugins/2D/Paper2D/Binaries/Win64/UE4Editor-SmartSnapping.dll (API version 3944462).
LogModuleManager: Display: Found up-to-date module file ../../../Engine/Plugins/Blendables/LightPropagationVolume/Binaries/Win64/UE4Editor-LightPropagationVolumeRuntime.dll (API version 3944462).
LogModuleManager: Display: Found up-to-date module file ../../../Engine/Plugins/Blendables/LightPropagationVolume/Binaries/Win64/UE4Editor-LightPropagationVolumeEditor.dll (API version 3944462).
LogModuleManager: Display: Found up-to-date module file ../../../Engine/Plugins/Developer/CLionSourceCodeAccess/Binaries/Win64/UE4Editor-CLionSourceCodeAccess.dll (API version 3944462).
LogModuleManager: Display: Found up-to-date module file ../../../Engine/Plugins/Developer/GitSourceControl/Binaries/Win64/UE4Editor-GitSourceControl.dll (API version 3944462).
LogModuleManager: Display: Found up-to-date module file ../../../Engine/Plugins/Developer/PerforceSourceControl/Binaries/Win64/UE4Editor-PerforceSourceControl.dll (API version 3944462).
LogModuleManager: Display: Found up-to-date module file ../../../Engine/Plugins/Developer/SubversionSourceControl/Binaries/Win64/UE4Editor-SubversionSourceControl.dll (API version 3944462).
LogModuleManager: Display: Found up-to-date module file ../../../Engine/Plugins/Developer/UObjectPlugin/Binaries/Win64/UE4Editor-UObjectPlugin.dll (API version 3944462).
LogModuleManager: Display: Found up-to-date module file ../../../Engine/Plugins/Developer/VisualStudioCodeSourceCodeAccess/Binaries/Win64/UE4Editor-VisualStudioCodeSourceCodeAccess.dll (API version 3944462).
LogModuleManager: Display: Found up-to-date module file ../../../Engine/Plugins/Developer/VisualStudioSourceCodeAccess/Binaries/Win64/UE4Editor-VisualStudioSourceCodeAccess.dll (API version 3944462).
LogModuleManager: Display: Found up-to-date module file ../../../Engine/Plugins/Editor/AssetManagerEditor/Binaries/Win64/UE4Editor-AssetManagerEditor.dll (API version 3944462).
LogModuleManager: Display: Found up-to-date module file ../../../Engine/Plugins/Editor/CryptoKeys/Binaries/Win64/UE4Editor-CryptoKeys.dll (API version 3944462).
LogModuleManager: Display: Found up-to-date module file ../../../Engine/Plugins/Editor/CryptoKeys/Binaries/Win64/UE4Editor-CryptoKeysOpenSSL.dll (API version 3944462).
LogModuleManager: Display: Found up-to-date module file ../../../Engine/Plugins/Editor/DataValidation/Binaries/Win64/UE4Editor-DataValidation.dll (API version 3944462).
LogModuleManager: Display: Found up-to-date module file ../../../Engine/Plugins/Editor/FacialAnimation/Binaries/Win64/UE4Editor-FacialAnimation.dll (API version 3944462).
LogModuleManager: Display: Found up-to-date module file ../../../Engine/Plugins/Editor/FacialAnimation/Binaries/Win64/UE4Editor-FacialAnimationEditor.dll (API version 3944462).
LogModuleManager: Display: Found up-to-date module file ../../../Engine/Plugins/Editor/GameplayTagsEditor/Binaries/Win64/UE4Editor-GameplayTagsEditor.dll (API version 3944462).
LogModuleManager: Display: Found up-to-date module file ../../../Engine/Plugins/Editor/MobileLauncherProfileWizard/Binaries/Win64/UE4Editor-MobileLauncherProfileWizard.dll (API version 3944462).
LogModuleManager: Display: Found up-to-date module file ../../../Engine/Plugins/Editor/PluginBrowser/Binaries/Win64/UE4Editor-PluginBrowser.dll (API version 3944462).
LogModuleManager: Display: Found up-to-date module file ../../../Engine/Plugins/Editor/SpeedTreeImporter/Binaries/Win64/UE4Editor-SpeedTreeImporter.dll (API version 3944462).
LogModuleManager: Display: Found up-to-date module file ../../../Engine/Plugins/Enterprise/DatasmithContent/Binaries/Win64/UE4Editor-DatasmithContent.dll (API version 3944462).
LogModuleManager: Display: Found up-to-date module file ../../../Engine/Plugins/Experimental/AlembicImporter/Binaries/Win64/UE4Editor-AlembicImporter.dll (API version 3944462).
LogModuleManager: Display: Found up-to-date module file ../../../Engine/Plugins/Experimental/AlembicImporter/Binaries/Win64/UE4Editor-AlembicLibrary.dll (API version 3944462).
LogModuleManager: Display: Found up-to-date module file ../../../Engine/Plugins/Experimental/CharacterAI/Binaries/Win64/UE4Editor-CharacterAI.dll (API version 3944462).
LogModuleManager: Display: Found up-to-date module file ../../../Engine/Plugins/Experimental/HTML5Networking/Binaries/Win64/UE4Editor-HTML5Networking.dll (API version 3944462).
LogModuleManager: Display: Found up-to-date module file ../../../Engine/Plugins/Media/AndroidMedia/Binaries/Win64/UE4Editor-AndroidMediaEditor.dll (API version 3944462).
LogModuleManager: Display: Found up-to-date module file ../../../Engine/Plugins/Media/AndroidMedia/Binaries/Win64/UE4Editor-AndroidMediaFactory.dll (API version 3944462).
LogModuleManager: Display: Found up-to-date module file ../../../Engine/Plugins/Media/AvfMedia/Binaries/Win64/UE4Editor-AvfMediaEditor.dll (API version 3944462).
LogModuleManager: Display: Found up-to-date module file ../../../Engine/Plugins/Media/AvfMedia/Binaries/Win64/UE4Editor-AvfMediaFactory.dll (API version 3944462).
LogModuleManager: Display: Found up-to-date module file ../../../Engine/Plugins/Media/AvfMedia/Binaries/Win64/UE4Editor-AvfMediaFactory.dll (API version 3944462).
LogModuleManager: Display: Found up-to-date module file ../../../Engine/Plugins/Media/ImgMedia/Binaries/Win64/UE4Editor-ImgMedia.dll (API version 3944462).
LogModuleManager: Display: Found up-to-date module file ../../../Engine/Plugins/Media/ImgMedia/Binaries/Win64/UE4Editor-ImgMediaEditor.dll (API version 3944462).
LogModuleManager: Display: Found up-to-date module file ../../../Engine/Plugins/Media/ImgMedia/Binaries/Win64/UE4Editor-ImgMediaFactory.dll (API version 3944462).
LogModuleManager: Display: Found up-to-date module file ../../../Engine/Plugins/Media/ImgMedia/Binaries/Win64/UE4Editor-ImgMediaFactory.dll (API version 3944462).
LogModuleManager: Display: Found up-to-date module file ../../../Engine/Plugins/Media/ImgMedia/Binaries/Win64/UE4Editor-OpenExrWrapper.dll (API version 3944462).
LogModuleManager: Display: Found up-to-date module file ../../../Engine/Plugins/Media/LinearTimecode/Binaries/Win64/UE4Editor-LinearTimecode.dll (API version 3944462).
LogModuleManager: Display: Found up-to-date module file ../../../Engine/Plugins/Media/MediaCompositing/Binaries/Win64/UE4Editor-MediaCompositing.dll (API version 3944462).
LogModuleManager: Display: Found up-to-date module file ../../../Engine/Plugins/Media/MediaCompositing/Binaries/Win64/UE4Editor-MediaCompositingEditor.dll (API version 3944462).
LogModuleManager: Display: Found up-to-date module file ../../../Engine/Plugins/Media/MediaPlayerEditor/Binaries/Win64/UE4Editor-MediaPlayerEditor.dll (API version 3944462).
LogModuleManager: Display: Found up-to-date module file ../../../Engine/Plugins/Media/WmfMedia/Binaries/Win64/UE4Editor-WmfMedia.dll (API version 3944462).
LogModuleManager: Display: Found up-to-date module file ../../../Engine/Plugins/Media/WmfMedia/Binaries/Win64/UE4Editor-WmfMediaEditor.dll (API version 3944462).
LogModuleManager: Display: Found up-to-date module file ../../../Engine/Plugins/Media/WmfMedia/Binaries/Win64/UE4Editor-WmfMediaFactory.dll (API version 3944462).
LogModuleManager: Display: Found up-to-date module file ../../../Engine/Plugins/Media/WmfMedia/Binaries/Win64/UE4Editor-WmfMediaFactory.dll (API version 3944462).
LogModuleManager: Display: Found up-to-date module file ../../../Engine/Plugins/Messaging/TcpMessaging/Binaries/Win64/UE4Editor-TcpMessaging.dll (API version 3944462).
LogModuleManager: Display: Found up-to-date module file ../../../Engine/Plugins/Messaging/UdpMessaging/Binaries/Win64/UE4Editor-UdpMessaging.dll (API version 3944462).
LogModuleManager: Display: Found up-to-date module file ../../../Engine/Plugins/MovieScene/ActorSequence/Binaries/Win64/UE4Editor-ActorSequence.dll (API version 3944462).
LogModuleManager: Display: Found up-to-date module file ../../../Engine/Plugins/MovieScene/LevelSequenceEditor/Binaries/Win64/UE4Editor-LevelSequenceEditor.dll (API version 3944462).
LogModuleManager: Display: Found up-to-date module file ../../../Engine/Plugins/MovieScene/MatineeToLevelSequence/Binaries/Win64/UE4Editor-MatineeToLevelSequence.dll (API version 3944462).
LogModuleManager: Display: Found up-to-date module file ../../../Engine/Plugins/NetcodeUnitTest/NetcodeUnitTest/Binaries/Win64/UE4Editor-NetcodeUnitTest.dll (API version 3944462).
LogModuleManager: Display: Found up-to-date module file ../../../Engine/Plugins/NetcodeUnitTest/NUTUnrealEngine4/Binaries/Win64/UE4Editor-NUTUnrealEngine4.dll (API version 3944462).
LogModuleManager: Display: Found up-to-date module file ../../../Engine/Plugins/Online/OnlineSubsystem/Binaries/Win64/UE4Editor-OnlineSubsystem.dll (API version 3944462).
LogModuleManager: Display: Found up-to-date module file ../../../Engine/Plugins/Runtime/AndroidPermission/Binaries/Win64/UE4Editor-AndroidPermission.dll (API version 3944462).
LogModuleManager: Display: Found up-to-date module file ../../../Engine/Plugins/Online/OnlineSubsystemNull/Binaries/Win64/UE4Editor-OnlineSubsystemNull.dll (API version 3944462).
LogModuleManager: Display: Found up-to-date module file ../../../Engine/Plugins/Online/OnlineSubsystemUtils/Binaries/Win64/UE4Editor-OnlineSubsystemUtils.dll (API version 3944462).
LogModuleManager: Display: Found up-to-date module file ../../../Engine/Plugins/Online/OnlineSubsystemUtils/Binaries/Win64/UE4Editor-OnlineBlueprintSupport.dll (API version 3944462).
LogModuleManager: Display: Found up-to-date module file ../../../Engine/Plugins/Runtime/AndroidDeviceProfileSelector/Binaries/Win64/UE4Editor-AndroidDeviceProfileSelector.dll (API version 3944462).
LogModuleManager: Display: Found up-to-date module file ../../../Engine/Plugins/Runtime/AppleARKit/Binaries/Win64/UE4Editor-AppleARKit.dll (API version 3944462).
LogModuleManager: Display: Found up-to-date module file ../../../Engine/Plugins/Runtime/ProceduralMeshComponent/Binaries/Win64/UE4Editor-ProceduralMeshComponent.dll (API version 3944462).
LogModuleManager: Display: Found up-to-date module file ../../../Engine/Plugins/Runtime/ProceduralMeshComponent/Binaries/Win64/UE4Editor-ProceduralMeshComponentEditor.dll (API version 3944462).
LogModuleManager: Display: Found up-to-date module file ../../../Engine/Plugins/Animation/LiveLink/Binaries/Win64/UE4Editor-LiveLink.dll (API version 3944462).
LogModuleManager: Display: Found up-to-date module file ../../../Engine/Plugins/Animation/LiveLink/Binaries/Win64/UE4Editor-LiveLinkEditor.dll (API version 3944462).
LogModuleManager: Display: Found up-to-date module file ../../../Engine/Plugins/Runtime/ArchVisCharacter/Binaries/Win64/UE4Editor-ArchVisCharacter.dll (API version 3944462).
LogModuleManager: Display: Found up-to-date module file ../../../Engine/Plugins/Runtime/AudioCapture/Binaries/Win64/UE4Editor-AudioCapture.dll (API version 3944462).
LogModuleManager: Display: Found up-to-date module file ../../../Engine/Plugins/Runtime/AudioCapture/Binaries/Win64/UE4Editor-AudioCaptureEditor.dll (API version 3944462).
LogModuleManager: Display: Found up-to-date module file ../../../Engine/Plugins/Runtime/CableComponent/Binaries/Win64/UE4Editor-CableComponent.dll (API version 3944462).
LogModuleManager: Display: Found up-to-date module file ../../../Engine/Plugins/Runtime/CustomMeshComponent/Binaries/Win64/UE4Editor-CustomMeshComponent.dll (API version 3944462).
LogModuleManager: Display: Found up-to-date module file ../../../Engine/Plugins/Runtime/ExampleDeviceProfileSelector/Binaries/Win64/UE4Editor-ExampleDeviceProfileSelector.dll (API version 3944462).
LogModuleManager: Display: Found up-to-date module file ../../../Engine/Plugins/Runtime/ImmediatePhysics/Binaries/Win64/UE4Editor-ImmediatePhysics.dll (API version 3944462).
LogModuleManager: Display: Found up-to-date module file ../../../Engine/Plugins/Runtime/ImmediatePhysics/Binaries/Win64/UE4Editor-ImmediatePhysicsEditor.dll (API version 3944462).
LogModuleManager: Display: Found up-to-date module file ../../../Engine/Plugins/Runtime/LocationServicesBPLibrary/Binaries/Win64/UE4Editor-LocationServicesBPLibrary.dll (API version 3944462).
LogModuleManager: Display: Found up-to-date module file ../../../Engine/Plugins/Runtime/MobilePatchingUtils/Binaries/Win64/UE4Editor-MobilePatchingUtils.dll (API version 3944462).
LogModuleManager: Display: Found up-to-date module file ../../../Engine/Plugins/Runtime/Oculus/OculusVR/Binaries/Win64/UE4Editor-OculusHMD.dll (API version 3944462).
LogModuleManager: Display: Found up-to-date module file ../../../Engine/Plugins/Runtime/Oculus/OculusVR/Binaries/Win64/UE4Editor-OculusInput.dll (API version 3944462).
LogModuleManager: Display: Found up-to-date module file ../../../Engine/Plugins/Runtime/Oculus/OculusVR/Binaries/Win64/UE4Editor-OculusEditor.dll (API version 3944462).
LogModuleManager: Display: Found up-to-date module file ../../../Engine/Plugins/Runtime/PhysXVehicles/Binaries/Win64/UE4Editor-PhysXVehicles.dll (API version 3944462).
LogModuleManager: Display: Found up-to-date module file ../../../Engine/Plugins/Runtime/PhysXVehicles/Binaries/Win64/UE4Editor-PhysXVehiclesEditor.dll (API version 3944462).
LogModuleManager: Display: Found up-to-date module file ../../../Engine/Plugins/Runtime/RuntimePhysXCooking/Binaries/Win64/UE4Editor-RuntimePhysXCooking.dll (API version 3944462).
LogModuleManager: Display: Found up-to-date module file ../../../Engine/Plugins/Runtime/Steam/SteamVR/Binaries/Win64/UE4Editor-SteamVR.dll (API version 3944462).
LogModuleManager: Display: Found up-to-date module file ../../../Engine/Plugins/Runtime/Steam/SteamVR/Binaries/Win64/UE4Editor-SteamVRController.dll (API version 3944462).
LogModuleManager: Display: Found up-to-date module file ../../../Engine/Plugins/Runtime/WindowsMoviePlayer/Binaries/Win64/UE4Editor-WindowsMoviePlayer.dll (API version 3944462).
LogPluginManager: Mounting plugin Paper2D
LogPluginManager: Mounting plugin LiveLink
LogPluginManager: Mounting plugin LightPropagationVolume
LogPluginManager: Mounting plugin CLionSourceCodeAccess
LogPluginManager: Mounting plugin CodeLiteSourceCodeAccess
LogPluginManager: Mounting plugin GitSourceControl
LogPluginManager: Mounting plugin KDevelopSourceCodeAccess
LogPluginManager: Mounting plugin NullSourceCodeAccess
LogPluginManager: Mounting plugin PerforceSourceControl
LogPluginManager: Mounting plugin SubversionSourceControl
LogPluginManager: Mounting plugin UObjectPlugin
LogPluginManager: Mounting plugin VisualStudioCodeSourceCodeAccess
LogPluginManager: Mounting plugin VisualStudioSourceCodeAccess
LogPluginManager: Mounting plugin XCodeSourceCodeAccess
LogPluginManager: Mounting plugin AssetManagerEditor
LogPluginManager: Mounting plugin CryptoKeys
LogPluginManager: Mounting plugin DataValidation
LogPluginManager: Mounting plugin FacialAnimation
LogPluginManager: Mounting plugin GameplayTagsEditor
LogPluginManager: Mounting plugin MobileLauncherProfileWizard
LogPluginManager: Mounting plugin PluginBrowser
LogPluginManager: Mounting plugin SpeedTreeImporter
LogPluginManager: Mounting plugin DatasmithContent
LogPluginManager: Mounting plugin AlembicImporter
LogPluginManager: Mounting plugin CharacterAI
LogPluginManager: Mounting plugin HTML5Networking
LogPluginManager: Mounting plugin AndroidMedia
LogPluginManager: Mounting plugin AvfMedia
LogPluginManager: Mounting plugin ImgMedia
LogPluginManager: Mounting plugin LinearTimecode
LogPluginManager: Mounting plugin MediaCompositing
LogPluginManager: Mounting plugin MediaPlayerEditor
LogPluginManager: Mounting plugin WmfMedia
LogPluginManager: Mounting plugin TcpMessaging
LogPluginManager: Mounting plugin UdpMessaging
LogPluginManager: Mounting plugin ActorSequence
LogPluginManager: Mounting plugin LevelSequenceEditor
LogPluginManager: Mounting plugin MatineeToLevelSequence
LogPluginManager: Mounting plugin NetcodeUnitTest
LogPluginManager: Mounting plugin NUTUnrealEngine4
LogPluginManager: Mounting plugin OnlineSubsystemGooglePlay
LogPluginManager: Mounting plugin OnlineSubsystemIOS
LogPluginManager: Mounting plugin OnlineSubsystem
LogPluginManager: Mounting plugin OnlineSubsystemNull
LogPluginManager: Mounting plugin OnlineSubsystemUtils
LogPluginManager: Mounting plugin AndroidDeviceProfileSelector
LogPluginManager: Mounting plugin AndroidMoviePlayer
LogPluginManager: Mounting plugin AndroidPermission
LogPluginManager: Mounting plugin AppleARKit
LogPluginManager: Mounting plugin AppleMoviePlayer
LogPluginManager: Mounting plugin ArchVisCharacter
LogPluginManager: Mounting plugin AudioCapture
LogPluginManager: Mounting plugin CableComponent
LogPluginManager: Mounting plugin CustomMeshComponent
LogPluginManager: Mounting plugin ExampleDeviceProfileSelector
LogPluginManager: Mounting plugin GoogleCloudMessaging
LogPluginManager: Mounting plugin ImmediatePhysics
LogPluginManager: Mounting plugin IOSDeviceProfileSelector
LogPluginManager: Mounting plugin LinuxDeviceProfileSelector
LogPluginManager: Mounting plugin LocationServicesBPLibrary
LogPluginManager: Mounting plugin MobilePatchingUtils
LogPluginManager: Mounting plugin OculusVR
LogPluginManager: Plugin shader directory ../../../Engine/Plugins/Runtime/Oculus/OculusVR/Shaders found
LogPluginManager: Mapping shader source directory ../../../Engine/Plugins/Runtime/Oculus/OculusVR/Shaders to virtual directory /Plugin/OculusVR
LogPluginManager: Mounting plugin PhysXVehicles
LogPluginManager: Mounting plugin ProceduralMeshComponent
LogPluginManager: Mounting plugin RuntimePhysXCooking
LogPluginManager: Mounting plugin SteamVR
LogPluginManager: Mounting plugin WindowsMoviePlayer
LogStreaming: Display: Took  0.619s to configure plugins.
LogInit: Using libcurl 7.47.1
LogInit:  - built for x86_64-pc-win32
LogInit:  - supports SSL with OpenSSL/1.0.2g
LogInit:  - supports HTTP deflate (compression) using libz 1.2.8
LogInit:  - other features:
LogInit:      CURL_VERSION_SSL
LogInit:      CURL_VERSION_LIBZ
LogInit:      CURL_VERSION_IPV6
LogInit:      CURL_VERSION_ASYNCHDNS
LogInit:      CURL_VERSION_LARGEFILE
LogInit:      CURL_VERSION_IDN
LogInit:  CurlRequestOptions (configurable via config and command line):
LogInit:  - bVerifyPeer = false  - Libcurl will NOT verify peer certificate
LogInit:  - bUseHttpProxy = false  - Libcurl will NOT use HTTP proxy
LogInit:  - bDontReuseConnections = false  - Libcurl will reuse connections
LogInit:  - CertBundlePath = nullptr  - Libcurl will use whatever was configured at build time.
LogInit:  - MaxHostConnections = 16  - Libcurl will limit the number of connections to a host
LogInit:  - LocalHostAddr = Default
LogInit: WinSock: version 1.1 (2.2), MaxSocks=32767, MaxUdp=65467
LogInit: WinSock: I am jason (172.16.0.25:0)
LogInit: Build: ++UE4+Release-4.19-CL-4033788
LogInit: Engine Version: 4.19.2-4033788+++UE4+Release-4.19
LogInit: Compatible Engine Version: 4.19.0-3944462+++UE4+Release-4.19
LogInit: Net CL: 3944462
LogDevObjectVersion: Number of dev versions registered: 18
LogDevObjectVersion:   Dev-Blueprints (B0D832E4-1F89-4F0D-ACCF-7EB736FD4AA2): 10
LogDevObjectVersion:   Dev-Build (E1C64328-A22C-4D53-A36C-8E866417BD8C): 0
LogDevObjectVersion:   Dev-Core (375EC13C-06E4-48FB-B500-84F0262A717E): 2
LogDevObjectVersion:   Dev-Editor (E4B068ED-F494-42E9-A231-DA0B2E46BB41): 23
LogDevObjectVersion:   Dev-Framework (CFFC743F-43B0-4480-9391-14DF171D2073): 33
LogDevObjectVersion:   Dev-Mobile (B02B49B5-BB20-44E9-A304-32B752E40360): 2
LogDevObjectVersion:   Dev-Networking (A4E4105C-59A1-49B5-A7C5-40C4547EDFEE): 0
LogDevObjectVersion:   Dev-Online (39C831C9-5AE6-47DC-9A44-9C173E1C8E7C): 0
LogDevObjectVersion:   Dev-Physics (78F01B33-EBEA-4F98-B9B4-84EACCB95AA2): 0
LogDevObjectVersion:   Dev-Platform (6631380F-2D4D-43E0-8009-CF276956A95A): 0
LogDevObjectVersion:   Dev-Rendering (12F88B9F-8875-4AFC-A67C-D90C383ABD29): 25
LogDevObjectVersion:   Dev-Sequencer (7B5AE74C-D270-4C10-A958-57980B212A5A): 6
LogDevObjectVersion:   Dev-VR (D7296918-1DD6-4BDD-9DE2-64A83CC13884): 1
LogDevObjectVersion:   Dev-LoadTimes (C2A15278-BFE7-4AFE-6C17-90FF531DF755): 1
LogDevObjectVersion:   Private-Geometry (6EACA3D4-40EC-4CC1-B786-8BED09428FC5): 2
LogDevObjectVersion:   Dev-AnimPhys (29E575DD-E0A3-4627-9D10-D276232CDCEA): 16
LogDevObjectVersion:   Dev-ReflectionCapture (6B266CEC-1EC7-4B8F-A30B-E4D90942FC07): 1
LogDevObjectVersion:   Dev-Automation (0DF73D61-A23F-47EA-B727-89E90C41499A): 1
LogInit: Compiled (64-bit): Apr 27 2018 02:06:57
LogInit: Compiled with Visual C++: 19.00.24215.01
LogInit: Build Configuration: Development
LogInit: Branch Name: ++UE4+Release-4.19
LogInit: Command Line: 
LogInit: Base Directory: D:/Program Files/Epic Games/UE_4.19.2/Engine/Binaries/Win64/
LogInit: Installed Engine Build: 1
LogStreaming: Display: Took  0.000s to delete old logs.
LogInit: Presizing for max 8388607 objects, including 0 objects not considered by GC, pre-allocating 0 bytes for permanent pool.
LogInit: Object subsystem initialized
[2018.07.16-07.11.05:961][  0]LogInit: Selected Device Profile: [Windows]
[2018.07.16-07.11.05:961][  0]LogInit: Applying CVar settings loaded from the selected device profile: [Windows]
[2018.07.16-07.11.05:970][  0]LogInit: Computer: JASON
[2018.07.16-07.11.05:970][  0]LogInit: User: dell
[2018.07.16-07.11.05:970][  0]LogInit: CPU Page size=4096, Cores=6
[2018.07.16-07.11.05:970][  0]LogInit: High frequency timer resolution =3.609375 MHz
[2018.07.16-07.11.05:970][  0]LogMemory: Memory total: Physical=31.8GB (32GB approx)
[2018.07.16-07.11.05:970][  0]LogMemory: Platform Memory Stats for Windows
[2018.07.16-07.11.05:970][  0]LogMemory: Process Physical Memory: 275.09 MB used, 275.09 MB peak
[2018.07.16-07.11.05:970][  0]LogMemory: Process Virtual Memory: 265.63 MB used, 265.63 MB peak
[2018.07.16-07.11.05:970][  0]LogMemory: Physical Memory: 8650.55 MB used,  23924.74 MB free, 32575.29 MB total
[2018.07.16-07.11.05:970][  0]LogMemory: Virtual Memory: 4809.10 MB used,  23924.74 MB free, 134217728.00 MB total
[2018.07.16-07.11.05:985][  0]LogInit: Overriding language with editor language configuration option (en).
[2018.07.16-07.11.05:985][  0]LogInit: Overriding locale with editor locale configuration option (en).
[2018.07.16-07.11.06:365][  0]LogStreaming: Display: Took  0.379s to EndInitTextLocalization.
[2018.07.16-07.11.06:365][  0]LogInit: Setting process to per monitor DPI aware
[2018.07.16-07.11.06:397][  0]LogSlate: New Slate User Created.  User Index 0, Is Virtual User: 0
[2018.07.16-07.11.06:397][  0]LogSlate: Slate User Registered.  User Index 0, Is Virtual User: 0
[2018.07.16-07.11.06:555][  0]LogD3D11RHI: D3D11 adapters:
[2018.07.16-07.11.06:613][  0]LogD3D11RHI:    0. 'NVIDIA GeForce GTX 1080' (Feature Level 11_0)
[2018.07.16-07.11.06:613][  0]LogD3D11RHI:       8079/0/16287 MB DedicatedVideo/DedicatedSystem/SharedSystem, Outputs:2, VendorId:0x10de
[2018.07.16-07.11.06:622][  0]LogD3D11RHI:    1. 'Intel(R) UHD Graphics 630' (Feature Level 11_0)
[2018.07.16-07.11.06:622][  0]LogD3D11RHI:       128/0/16287 MB DedicatedVideo/DedicatedSystem/SharedSystem, Outputs:0, VendorId:0x8086
[2018.07.16-07.11.06:623][  0]LogD3D11RHI:    2. 'Microsoft Basic Render Driver' (Feature Level 11_0)
[2018.07.16-07.11.06:624][  0]LogD3D11RHI:       0/0/16287 MB DedicatedVideo/DedicatedSystem/SharedSystem, Outputs:0, VendorId:0x1414
[2018.07.16-07.11.06:624][  0]LogD3D11RHI: Chosen D3D11 Adapter: 0
[2018.07.16-07.11.06:630][  0]LogD3D11RHI: Creating new Direct3DDevice
[2018.07.16-07.11.06:631][  0]LogD3D11RHI:     GPU DeviceId: 0x1b80 (for the marketing name, search the web for "GPU Device Id")
[2018.07.16-07.11.06:631][  0]LogWindows: EnumDisplayDevices:
[2018.07.16-07.11.06:631][  0]LogWindows:    0. 'NVIDIA GeForce GTX 1080' (P:1 D:1)
[2018.07.16-07.11.06:632][  0]LogWindows:    1. 'NVIDIA GeForce GTX 1080' (P:0 D:1)
[2018.07.16-07.11.06:632][  0]LogWindows:    2. 'NVIDIA GeForce GTX 1080' (P:0 D:0)
[2018.07.16-07.11.06:632][  0]LogWindows:    3. 'NVIDIA GeForce GTX 1080' (P:0 D:0)
[2018.07.16-07.11.06:633][  0]LogWindows:    4. 'Intel(R) UHD Graphics 630' (P:0 D:0)
[2018.07.16-07.11.06:633][  0]LogWindows:    5. 'Intel(R) UHD Graphics 630' (P:0 D:0)
[2018.07.16-07.11.06:633][  0]LogWindows:    6. 'Intel(R) UHD Graphics 630' (P:0 D:0)
[2018.07.16-07.11.06:633][  0]LogWindows: DebugString: GetVideoDriverDetailsInvalid PrimaryIsNotTheChoosenAdapter GetVideoDriverDetailsInvalid PrimaryIsNotTheChoosenAdapter GetVideoDriverDetailsInvalid PrimaryIsNotTheChoosenAdapter GetVideoDriverDetailsInvalid PrimaryIsNotTheChoosenAdapter GetVideoDriverDetailsInvalid PrimaryIsNotTheChoosenAdapter GetVideoDriverDetailsInvalid PrimaryIsNotTheChoosenAdapter GetVideoDriverDetailsInvalid PrimaryIsNotTheChoosenAdapter FoundDriverCount:0 
[2018.07.16-07.11.06:633][  0]LogD3D11RHI:     Adapter Name: NVIDIA GeForce GTX 1080
[2018.07.16-07.11.06:633][  0]LogD3D11RHI:   Driver Version: Unknown (internal:Unknown, unified:Unknown)
[2018.07.16-07.11.06:633][  0]LogD3D11RHI:      Driver Date: Unknown
[2018.07.16-07.11.06:633][  0]LogRHI: Texture pool is 5655 MB (70% of 8079 MB)
[2018.07.16-07.11.06:663][  0]LogD3D11RHI: [Aftermath] Aftermath enabled and primed
[2018.07.16-07.11.06:663][  0]LogD3D11RHI: [Aftermath] Aftermath enabled and primed
[2018.07.16-07.11.06:663][  0]LogD3D11RHI: Async texture creation enabled
[2018.07.16-07.11.06:719][  0]LogD3D11RHI: GPU Timing Frequency: 1000.000000 (Debug: 2 2)
[2018.07.16-07.11.06:807][  0]LogShaderCompilers: Guid format shader working directory is -7 characters bigger than the processId version (../../../../../../git/UE4_Begin_NoCoding/UE4Learning/Intermediate/Shaders/WorkingDirectory/8300/).
[2018.07.16-07.11.06:807][  0]LogShaderCompilers: Cleaned the shader compiler working directory 'C:/Users/dell/AppData/Local/Temp/UnrealShaderWorkingDir/FAC2CFBF46D4BC83570E76B8D641E3B2/'.
[2018.07.16-07.11.06:979][  0]LogTemp: Display: Loaded TP AllDesktopTargetPlatform
[2018.07.16-07.11.06:990][  0]LogTemp: Display: Loaded TP MacClientTargetPlatform
[2018.07.16-07.11.07:000][  0]LogTemp: Display: Loaded TP MacNoEditorTargetPlatform
[2018.07.16-07.11.07:009][  0]LogTemp: Display: Loaded TP MacServerTargetPlatform
[2018.07.16-07.11.07:020][  0]LogTemp: Display: Loaded TP MacTargetPlatform
[2018.07.16-07.11.07:029][  0]LogTemp: Display: Loaded TP WindowsClientTargetPlatform
[2018.07.16-07.11.07:040][  0]LogTemp: Display: Loaded TP WindowsNoEditorTargetPlatform
[2018.07.16-07.11.07:050][  0]LogTemp: Display: Loaded TP WindowsServerTargetPlatform
[2018.07.16-07.11.07:054][  0]LogTemp: Display: Loaded TP WindowsTargetPlatform
[2018.07.16-07.11.07:062][  0]LogTemp: Display: Loaded TP Android_ASTCTargetPlatform
[2018.07.16-07.11.07:073][  0]LogTemp: Display: Loaded TP Android_ATCTargetPlatform
[2018.07.16-07.11.07:082][  0]LogTemp: Display: Loaded TP Android_DXTTargetPlatform
[2018.07.16-07.11.07:092][  0]LogTemp: Display: Loaded TP Android_ETC1aTargetPlatform
[2018.07.16-07.11.07:101][  0]LogTemp: Display: Loaded TP Android_ETC1TargetPlatform
[2018.07.16-07.11.07:110][  0]LogTemp: Display: Loaded TP Android_ETC2TargetPlatform
[2018.07.16-07.11.07:128][  0]LogTemp: Display: Loaded TP Android_MultiTargetPlatform
[2018.07.16-07.11.07:128][  0]LogTemp: Display: Loaded TP Android_PVRTCTargetPlatform
[2018.07.16-07.11.07:137][  0]LogTemp: Display: Loaded TP AndroidTargetPlatform
[2018.07.16-07.11.07:138][  0]LogTemp: Display: Loaded TP HTML5TargetPlatform
[2018.07.16-07.11.07:171][  0]LogTemp: Display: Loaded TP IOSTargetPlatform
[2018.07.16-07.11.07:180][  0]LogTemp: Display: Loaded TP TVOSTargetPlatform
[2018.07.16-07.11.07:190][  0]LogTemp: Display: Loaded TP LinuxClientTargetPlatform
[2018.07.16-07.11.07:199][  0]LogTemp: Display: Loaded TP LinuxNoEditorTargetPlatform
[2018.07.16-07.11.07:209][  0]LogTemp: Display: Loaded TP LinuxServerTargetPlatform
[2018.07.16-07.11.07:219][  0]LogTemp: Display: Loaded TP LinuxTargetPlatform
[2018.07.16-07.11.07:219][  0]LogTargetPlatformManager: Display: Building Assets For Windows
[2018.07.16-07.11.07:292][  0]LogXGEController: Cannot use XGE Controller as Incredibuild is not installed on this machine.
[2018.07.16-07.11.07:292][  0]LogShaderCompilers: Cannot use XGE Shader Compiler as Incredibuild is not installed on this machine.
[2018.07.16-07.11.07:292][  0]LogShaderCompilers: Display: Using Local Shader Compiler.
[2018.07.16-07.11.07:804][  0]LogDerivedDataCache: Display: Max Cache Size: 512 MB
[2018.07.16-07.11.07:859][  0]LogDerivedDataCache: Loaded boot cache 0.05s 74MB C:/Users/dell/AppData/Local/UnrealEngine/4.19/DerivedDataCache/Boot.ddc.
[2018.07.16-07.11.07:860][  0]LogDerivedDataCache: Display: Loaded Boot cache: C:/Users/dell/AppData/Local/UnrealEngine/4.19/DerivedDataCache/Boot.ddc
[2018.07.16-07.11.07:860][  0]LogDerivedDataCache: FDerivedDataBackendGraph:  Pak pak cache file ../../../../../../git/UE4_Begin_NoCoding/UE4Learning/DerivedDataCache/DDC.ddp not found, will not use a pak cache.
[2018.07.16-07.11.07:860][  0]LogDerivedDataCache: Unable to find inner node Pak for hierarchical cache Hierarchy.
[2018.07.16-07.11.07:860][  0]LogDerivedDataCache: FDerivedDataBackendGraph:  CompressedPak pak cache file ../../../../../../git/UE4_Begin_NoCoding/UE4Learning/DerivedDataCache/Compressed.ddp not found, will not use a pak cache.
[2018.07.16-07.11.07:860][  0]LogDerivedDataCache: Unable to find inner node CompressedPak for hierarchical cache Hierarchy.
[2018.07.16-07.11.07:873][  0]LogDerivedDataCache: Display: Pak cache opened for reading ../../../Engine/DerivedDataCache/Compressed.ddp.
[2018.07.16-07.11.07:885][  0]LogDerivedDataCache: Using Local data cache path C:/Users/dell/AppData/Local/UnrealEngine/Common/DerivedDataCache: Writable
[2018.07.16-07.11.07:885][  0]LogDerivedDataCache: Shared data cache path not found in *engine.ini, will not use an Shared cache.
[2018.07.16-07.11.07:885][  0]LogDerivedDataCache: Unable to find inner node Shared for hierarchical cache Hierarchy.
[2018.07.16-07.11.07:895][  0]LogMaterial: Verifying Global Shaders for PCD3D_SM5
[2018.07.16-07.11.07:895][  0]LogSlate: Using Freetype 2.6.0
[2018.07.16-07.11.07:896][  0]LogSlate: SlateFontCache - WITH_FREETYPE: 1, WITH_HARFBUZZ: 1
[2018.07.16-07.11.07:896][  0]LogSlate: SlateFontCache - WITH_FREETYPE: 1, WITH_HARFBUZZ: 1
[2018.07.16-07.11.07:993][  0]LogAssetRegistry: FAssetRegistry took 0.0263 seconds to start up
[2018.07.16-07.11.08:229][  0]LogInit: Selected Device Profile: [Windows]
[2018.07.16-07.11.08:352][  0]LogSimplygon: Simplygon DLL not present - disabling.
[2018.07.16-07.11.08:354][  0]LogMeshReduction: Using SimplygonSwarm for distributed automatic mesh merging
[2018.07.16-07.11.08:354][  0]LogMeshReduction: Using QuadricMeshReduction for automatic static mesh reduction
[2018.07.16-07.11.08:354][  0]LogMeshReduction: No automatic skeletal mesh reduction module available
[2018.07.16-07.11.08:354][  0]LogMeshReduction: No automatic mesh merging module available
[2018.07.16-07.11.08:354][  0]LogMeshMerging: No automatic mesh merging module available
[2018.07.16-07.11.08:380][  0]LogNetVersion: UE4Learning , NetCL: 3944462, EngineNetVer: 2, GameNetVer: 0 (Checksum: 3137605881)
[2018.07.16-07.11.08:721][  0]LogPackageLocalizationCache: Processed 9 localized package path(s) for 1 prioritized culture(s) in 0.027680 seconds
[2018.07.16-07.11.08:725][  0]LogUObjectArray: 36728 objects as part of root set at end of initial load.
[2018.07.16-07.11.08:725][  0]LogUObjectAllocator: 7314304 out of 0 bytes used by permanent object pool.
[2018.07.16-07.11.08:725][  0]LogUObjectArray: CloseDisregardForGC: 0/0 objects in disregard for GC pool
[2018.07.16-07.11.09:990][  0]LogTcpMessaging: Initializing TcpMessaging bridge
[2018.07.16-07.11.10:013][  0]LogUdpMessaging: Initializing bridge on interface 0.0.0.0:0 to multicast group 230.0.0.1:6666.
[2018.07.16-07.11.10:272][  0]SourceControl: Source control is disabled
[2018.07.16-07.11.10:272][  0]SourceControl: Source control is disabled
[2018.07.16-07.11.10:283][  0]SourceControl: Source control is disabled
[2018.07.16-07.11.10:294][  0]SourceControl: Source control is disabled
[2018.07.16-07.11.10:653][  0]LogAndroidPermission: UAndroidPermissionCallbackProxy::GetInstance
[2018.07.16-07.11.10:787][  0]LogOcInput: OculusInput pre-init called
[2018.07.16-07.11.10:874][  0]LogEngine: Initializing Engine...
[2018.07.16-07.11.10:875][  0]LogHMD: Failed to initialize OpenVR with code 110
[2018.07.16-07.11.10:876][  0]LogStats: UGameplayTagsManager::ConstructGameplayTagTree: Construct from data asset -  0.000 s
[2018.07.16-07.11.10:876][  0]LogStats: UGameplayTagsManager::ConstructGameplayTagTree: GameplayTagTreeChangedEvent.Broadcast -  0.000 s
[2018.07.16-07.11.11:068][  0]LogAIModule: Creating AISystem for world Untitled
[2018.07.16-07.11.11:082][  0]LogInit: XAudio2 using '扬声器/听筒 (Realtek Audio)' : 2 channels at 48 kHz using 32 bits per sample (channel mask 0x3)
[2018.07.16-07.11.11:293][  0]LogInit: FAudioDevice initialized.
[2018.07.16-07.11.11:366][  0]LogDerivedDataCache: Saved boot cache 0.07s 74MB C:/Users/dell/AppData/Local/UnrealEngine/4.19/DerivedDataCache/Boot.ddc.
[2018.07.16-07.11.11:380][  0]LogInit: Texture streaming: Enabled
[2018.07.16-07.11.11:389][  0]LogEngineSessionManager: EngineSessionManager initialized
[2018.07.16-07.11.11:404][  0]LogInit: Transaction tracking system initialized
[2018.07.16-07.11.11:419][  0]BlueprintLog: New page: Editor Load
[2018.07.16-07.11.11:465][  0]LocalizationService: Localization service is disabled
[2018.07.16-07.11.11:542][  0]LogUObjectGlobals: Created PersistentFrame Addr=0x000002ba01f595a0, Size=88, Default__Landscape_Painting_Mode_C Function /Engine/Tutorial/Landscape/Landscape_Painting_Mode.Landscape_Painting_Mode_C:ExecuteUbergraph_Landscape_Painting_Mode
[2018.07.16-07.11.11:545][  0]LogUObjectGlobals: Destroyed PersistentFrame Addr=0x000002ba01f595a0, Size=88
[2018.07.16-07.11.11:545][  0]LogUObjectGlobals: Created PersistentFrame Addr=0x000002ba01f595a0, Size=88, Default__Landscape_Painting_Mode_C Function /Engine/Transient.REINST_Landscape_Painting_Mode_C_3:ExecuteUbergraph_Landscape_Painting_Mode
[2018.07.16-07.11.11:546][  0]LogUObjectGlobals: Created PersistentFrame Addr=0x000002ba2080ddf0, Size=80, Default__Landscape_Painting_Mode_C Function /Engine/Tutorial/Landscape/Landscape_Painting_Mode.Landscape_Painting_Mode_C:ExecuteUbergraph_Landscape_Painting_Mode
[2018.07.16-07.11.11:578][  0]LogLinker: Warning: Can't find file '/Game/FirstPersonBP/FirstPersonOverview'
[2018.07.16-07.11.11:578][  0]LogLinker: Warning: Can't find file '/Game/FirstPersonBP/FirstPersonOverview'
[2018.07.16-07.11.11:578][  0]LogUObjectGlobals: Warning: Failed to find object 'Class /Game/FirstPersonBP/FirstPersonOverview.FirstPersonOverview_C'
[2018.07.16-07.11.11:593][  0]LogConsoleResponse: Display: 
[2018.07.16-07.11.11:713][  0]LogCook: Display: Max memory allowance for cook 16384mb min free memory 0mb
[2018.07.16-07.11.11:713][  0]LogCook: Display: Mobile HDR setting 1
[2018.07.16-07.11.11:713][  0]LogGameplayTags: Display: UGameplayTagsManager::DoneAddingNativeTags. DelegateIsBound: 0
[2018.07.16-07.11.11:713][  0]LogStats: UGameplayTagsManager::ConstructGameplayTagTree: Construct from data asset -  0.000 s
[2018.07.16-07.11.11:713][  0]LogFileCache: Scanning file cache for directory 'D:/git/UE4_Begin_NoCoding/UE4Learning/Content/' took 0.01s
[2018.07.16-07.11.11:713][  0]LogStats: UGameplayTagsManager::ConstructGameplayTagTree: GameplayTagTreeChangedEvent.Broadcast -  0.000 s
[2018.07.16-07.11.11:962][  0]SourceControl: Source control is disabled
[2018.07.16-07.11.11:962][  0]Cmd: MAP LOAD FILE="../../../Engine/Content/Maps/Templates/Template_Default.umap" TEMPLATE=1 SHOWPROGRESS=1 FEATURELEVEL=3
[2018.07.16-07.11.11:962][  0]LightingResults: New page: Lighting Build
[2018.07.16-07.11.11:964][  0]MapCheck: New page: Map Check
[2018.07.16-07.11.11:964][  0]LightingResults: New page: Lighting Build
[2018.07.16-07.11.11:972][  0]LogUObjectGlobals: Destroyed PersistentFrame Addr=0x000002ba01f595a0, Size=88
[2018.07.16-07.11.12:084][  0]LogAIModule: Creating AISystem for world Untitled_1
[2018.07.16-07.11.12:089][  0]LogEditorServer: Finished looking for orphan Actors (0.000 secs)
[2018.07.16-07.11.12:101][  0]Cmd: MAP CHECKDEP NOCLEARLOG
[2018.07.16-07.11.12:135][  0]MapCheck: Map check complete: 0 Error(s), 0 Warning(s), took 34.117ms to complete.
[2018.07.16-07.11.12:136][  0]LogFileHelpers: Loading map 'Template_Default' took 0.174
[2018.07.16-07.11.12:274][  0]LogCollectionManager: Loaded 0 collections in 0.000948 seconds
[2018.07.16-07.11.12:317][  0]LogFileCache: Scanning file cache for directory 'D:/git/UE4_Begin_NoCoding/UE4Learning/Saved/Collections/' took 0.01s
[2018.07.16-07.11.12:317][  0]LogFileCache: Scanning file cache for directory 'D:/git/UE4_Begin_NoCoding/UE4Learning/Content/Developers/dell/Collections/' took 0.01s
[2018.07.16-07.11.12:317][  0]LogFileCache: Scanning file cache for directory 'D:/git/UE4_Begin_NoCoding/UE4Learning/Content/Collections/' took 0.01s
[2018.07.16-07.11.12:317][  0]LogCollectionManager: Rebuilt the GUID cache for 0 collections in 0.000001 seconds
[2018.07.16-07.11.12:325][  0]LogContentBrowser: Native class hierarchy populated in 0.0081 seconds. Added 2452 classes and 558 folders.
[2018.07.16-07.11.12:330][  0]LogContentBrowser: Native class hierarchy updated for 'WidgetCarousel' in 0.0002 seconds. Added 0 classes and 0 folders.
[2018.07.16-07.11.12:364][  0]LogContentBrowser: Native class hierarchy updated for 'AddContentDialog' in 0.0001 seconds. Added 0 classes and 0 folders.
[2018.07.16-07.11.12:368][  0]LogContentBrowser: Native class hierarchy updated for 'SceneOutliner' in 0.0002 seconds. Added 1 classes and 2 folders.
[2018.07.16-07.11.12:374][  0]LogContentBrowser: Native class hierarchy updated for 'WorldBrowser' in 0.0002 seconds. Added 2 classes and 3 folders.
[2018.07.16-07.11.12:434][  0]LogSlate: Took 0.000195 seconds to synchronously load lazily loaded font '../../../Engine/Content/Slate/Fonts/Roboto-Regular.ttf' (155K)
[2018.07.16-07.11.12:436][  0]LogSlate: Took 0.000126 seconds to synchronously load lazily loaded font '../../../Engine/Content/Slate/Fonts/Roboto-Bold.ttf' (160K)
[2018.07.16-07.11.12:440][  0]LogSlate: Took 0.000134 seconds to synchronously load lazily loaded font '../../../Engine/Content/Editor/Slate/Fonts/FontAwesome.ttf' (139K)
[2018.07.16-07.11.12:526][  0]LogRenderer: Reallocating scene render targets to support 1224x672 Format 10 NumSamples 1 (Frame:1).
[2018.07.16-07.11.12:639][  0]LogContentBrowser: Native class hierarchy updated for 'HierarchicalLODOutliner' in 0.0002 seconds. Added 0 classes and 0 folders.
[2018.07.16-07.11.12:639][  0]LogLoad: (Engine Initialization) Total time: 8.61 seconds
[2018.07.16-07.11.12:639][  0]LogLoad: (Engine Initialization) Total Blueprint compile time: 0.00 seconds
[2018.07.16-07.11.12:648][  0]LogWindowsTextInputMethodSystem: Display: IME system now deactivated.
[2018.07.16-07.11.12:663][  0]LogAssetRegistry: Asset discovery search completed in 4.6926 seconds
[2018.07.16-07.11.12:665][  0]LogCollectionManager: Rebuilt the object cache for 0 collections in 0.000000 seconds (found 0 objects)
[2018.07.16-07.11.12:665][  0]LogCollectionManager: Fixed up redirectors for 0 collections in 0.000040 seconds (updated 0 objects)
[2018.07.16-07.11.12:665][  0]LogContentStreaming: Texture pool size now 1000 MB
[2018.07.16-07.11.16:762][ 15]LogEditorViewport: Clicking on Actor (LMB): BP_Sky_Sphere_C (Sky Sphere)
[2018.07.16-07.11.17:445][ 90]LogSlate: FSceneViewport::OnFocusLost() reason 0
[2018.07.16-07.11.18:965][253]LogSlate: Took 0.000160 seconds to synchronously load lazily loaded font '../../../Engine/Content/Slate/Fonts/Roboto-Light.ttf' (167K)
[2018.07.16-07.11.20:090][253]LogSlate: Window 'Pick Parent Class' being destroyed
[2018.07.16-07.11.32:648][729]LogContentBrowser: Native class hierarchy updated for 'BlueprintGraph' in 0.0004 seconds. Added 116 classes and 0 folders.
[2018.07.16-07.11.32:877][729]LogUObjectGlobals: Created PersistentFrame Addr=0x000002ba298de6d8, Size=4, Default__SKEL_PROTO_BP_AnimBlueprint_0_C Function /Engine/Transient.SKEL_PROTO_BP_AnimBlueprint_0_C:ExecuteUbergraph_PROTO_BP_AnimBlueprint_0
[2018.07.16-07.11.32:878][729]LogUObjectGlobals: Created PersistentFrame Addr=0x000002ba298de6d0, Size=4, Default__PROTO_BP_AnimBlueprint_0_C Function /Engine/Transient.PROTO_BP_AnimBlueprint_0_C:ExecuteUbergraph_PROTO_BP_AnimBlueprint_0
[2018.07.16-07.11.42:743][749]LogSlate: Took 0.000162 seconds to synchronously load lazily loaded font '../../../Engine/Content/Slate/Fonts/Roboto-Italic.ttf' (157K)
[2018.07.16-07.11.43:155][791]LogSlate: FSceneViewport::OnFocusLost() reason 2
[2018.07.16-07.11.44:273][912]LogSlate: FSceneViewport::OnFocusLost() reason 0
[2018.07.16-07.12.02:745][877]LogRenderer: Reallocating scene render targets to support 1224x804 Format 10 NumSamples 1 (Frame:2190).
[2018.07.16-07.12.24:376][107]LogSlate: FSceneViewport::OnFocusLost() reason 0
[2018.07.16-07.12.50:408][897]LogSlate: FSceneViewport::OnFocusLost() reason 0
[2018.07.16-07.12.50:502][908]BlueprintLog: New page: Compile BP_Turntable_Banana
[2018.07.16-07.12.50:911][917]Cmd: OBJ SAVEPACKAGE PACKAGE="/Game/01_Turntable/BP_Turntable_Banana" FILE="../../../../../../git/UE4_Begin_NoCoding/UE4Learning/Content/01_Turntable/BP_Turntable_Banana.uasset" SILENT=true
[2018.07.16-07.12.50:932][917]LogSavePackage: Save=18.62ms
[2018.07.16-07.12.50:932][917]LogSavePackage: Moving '../../../../../../git/UE4_Begin_NoCoding/UE4Learning/Saved/BP_Turntable_Banana3E695C004F472C124F5B4EB53A5358F9.tmp' to '../../../../../../git/UE4_Begin_NoCoding/UE4Learning/Content/01_Turntable/BP_Turntable_Banana.uasset'
[2018.07.16-07.12.50:934][917]LogSavePackage: Display: Finished SavePackage ../../../../../../git/UE4_Begin_NoCoding/UE4Learning/Content/01_Turntable/BP_Turntable_Banana.uasset
[2018.07.16-07.12.52:084][ 32]LogSlate: Took 0.000151 seconds to synchronously load lazily loaded font '../../../Engine/Content/Slate/Fonts/Roboto-BoldCondensed.ttf' (158K)
[2018.07.16-07.13.32:768][755]BlueprintLog: New page: Compile BP_Turntable_Banana
[2018.07.16-07.13.32:771][755]LogUObjectGlobals: Created PersistentFrame Addr=0x000002ba7419cae0, Size=152, Default__BP_Turntable_Banana_C Function /Game/01_Turntable/BP_Turntable_Banana.BP_Turntable_Banana_C:ExecuteUbergraph_BP_Turntable_Banana
[2018.07.16-07.13.33:512][816]Cmd: OBJ SAVEPACKAGE PACKAGE="/Game/01_Turntable/BP_Turntable_Banana" FILE="../../../../../../git/UE4_Begin_NoCoding/UE4Learning/Content/01_Turntable/BP_Turntable_Banana.uasset" SILENT=true
[2018.07.16-07.13.33:536][816]LogSavePackage: Save=17.62ms
[2018.07.16-07.13.33:536][816]LogSavePackage: Moving '../../../../../../git/UE4_Begin_NoCoding/UE4Learning/Saved/BP_Turntable_BananaD85D89B243C0156101D57EBAEBB77B9F.tmp' to '../../../../../../git/UE4_Begin_NoCoding/UE4Learning/Content/01_Turntable/BP_Turntable_Banana.uasset'
[2018.07.16-07.13.33:538][816]LogSavePackage: Display: Finished SavePackage ../../../../../../git/UE4_Begin_NoCoding/UE4Learning/Content/01_Turntable/BP_Turntable_Banana.uasset
[2018.07.16-07.13.35:715][ 64]LogSlate: Window 'BP_Turntable_Banana' being destroyed
[2018.07.16-07.13.35:720][ 64]LogSlate: Window 'BP_Turntable_Banana' being destroyed
[2018.07.16-07.13.37:162][228]LogEditorViewport: Clicking on Actor (LMB): BP_Sky_Sphere_C (Sky Sphere)
[2018.07.16-07.13.38:490][385]LogSlate: FSceneViewport::OnFocusLost() reason 0
[2018.07.16-07.13.43:908][ 23]LogSlate: FSceneViewport::OnFocusLost() reason 0
[2018.07.16-07.13.48:061][520]LogEditorViewport: Clicking on Actor (LMB): StaticMeshActor (Floor)
[2018.07.16-07.13.48:553][574]Cmd: CAMERA ALIGN ACTIVEVIEWPORTONLY
[2018.07.16-07.13.56:873][563]Cmd: CAMERA ALIGN ACTIVEVIEWPORTONLY
[2018.07.16-07.14.05:387][568]LogEditorViewport: Clicking on Actor (LMB): StaticMeshActor (Floor)
[2018.07.16-07.14.16:224][860]LogEditorViewport: Clicking on Actor (LMB): BP_Sky_Sphere_C (Sky Sphere)
[2018.07.16-07.14.24:406][830]LogEditorViewport: Clicking on Actor (LMB): BP_Sky_Sphere_C (Sky Sphere)
[2018.07.16-07.14.29:290][411]LogSlate: FSceneViewport::OnFocusLost() reason 2
[2018.07.16-07.14.30:757][583]LogPlayLevel: PlayLevel: No blueprints needed recompiling
[2018.07.16-07.14.30:757][583]PIE: New page: SIE session: Untitled_1 (Jul 16, 2018, 11:14:30 PM)
[2018.07.16-07.14.30:757][583]LogPlayLevel: Creating play world package: /Temp/UEDPIE_0_Untitled_1
[2018.07.16-07.14.30:759][583]LogPlayLevel: PIE: StaticDuplicateObject took: (0.001536s)
[2018.07.16-07.14.30:760][583]LogAIModule: Creating AISystem for world Untitled_1
[2018.07.16-07.14.30:760][583]LogPlayLevel: PIE: World Init took: (0.000862s)
[2018.07.16-07.14.30:760][583]LogPlayLevel: PIE: Created PIE world by copying editor world from /Temp/Untitled_1.Untitled_1 to /Temp/UEDPIE_0_Untitled_1.Untitled_1 (0.002549s)
[2018.07.16-07.14.30:777][583]LogInit: XAudio2 using '扬声器/听筒 (Realtek Audio)' : 2 channels at 48 kHz using 32 bits per sample (channel mask 0x3)
[2018.07.16-07.14.30:868][583]LogInit: FAudioDevice initialized.
[2018.07.16-07.14.30:869][583]LogSlate: FSceneViewport::OnFocusLost() reason 2
[2018.07.16-07.14.30:915][583]LogLoad: Game class is 'GameModeBase'
[2018.07.16-07.14.30:916][583]LogWorld: Bringing World /Temp/UEDPIE_0_Untitled_1.Untitled_1 up for play (max tick rate 0) at 2018.07.16-15.14.30
[2018.07.16-07.14.30:917][583]LogWorld: Bringing up level for play took: 0.000623
[2018.07.16-07.14.30:921][583]LogContentBrowser: Native class hierarchy updated for 'MovieSceneCapture' in 0.0002 seconds. Added 11 classes and 0 folders.
[2018.07.16-07.14.30:921][583]PIE: Play in editor start time for /Temp/UEDPIE_0_Untitled_1 -0.553
[2018.07.16-07.14.38:701][482]LogSlate: Took 0.000152 seconds to synchronously load lazily loaded font '../../../Engine/Content/Slate/Fonts/Roboto-Light.ttf' (167K)
[2018.07.16-07.15.01:286][482]LogSlate: Window 'Save Level As' being destroyed
[2018.07.16-07.15.01:294][482]LogSlate: FSceneViewport::OnFocusLost() reason 3
[2018.07.16-07.15.01:391][482]LogSavePackage: Save=21.34ms
[2018.07.16-07.15.01:391][482]LogSavePackage: Moving '../../../../../../git/UE4_Begin_NoCoding/UE4Learning/Saved/01_Turntable_BananaEEC2E5AF430FFF8890375984A445568B.tmp' to '../../../../../../git/UE4_Begin_NoCoding/UE4Learning/Content/01_Turntable/01_Turntable_Banana.umap'
[2018.07.16-07.15.01:393][482]LogSavePackage: Display: Finished SavePackage ../../../../../../git/UE4_Begin_NoCoding/UE4Learning/Content/01_Turntable/01_Turntable_Banana.umap
[2018.07.16-07.15.01:426][482]LogSavePackage: Save=11.82ms
[2018.07.16-07.15.01:426][482]LogSavePackage: Moving '../../../../../../git/UE4_Begin_NoCoding/UE4Learning/Saved/01_Turntable_Banana_BuiltData95B0F28044981D8B6EB2A7A138311648.tmp' to '../../../../../../git/UE4_Begin_NoCoding/UE4Learning/Content/01_Turntable/01_Turntable_Banana_BuiltData.uasset'
[2018.07.16-07.15.01:426][482]LogSavePackage: Display: Finished SavePackage ../../../../../../git/UE4_Begin_NoCoding/UE4Learning/Content/01_Turntable/01_Turntable_Banana_BuiltData.uasset
[2018.07.16-07.15.01:433][482]LogFileHelpers: Saving map '01_Turntable_Banana' took 0.138
[2018.07.16-07.15.03:171][675]LogSlate: FSceneViewport::OnFocusLost() reason 2
[2018.07.16-07.15.03:212][675]LogSavePackage: Save=19.13ms
[2018.07.16-07.15.03:212][675]LogSavePackage: Moving '../../../../../../git/UE4_Begin_NoCoding/UE4Learning/Saved/01_Turntable_BananaD9D6D0EE41874EA78A2973949FCB36AE.tmp' to '../../../../../../git/UE4_Begin_NoCoding/UE4Learning/Content/01_Turntable/01_Turntable_Banana.umap'
[2018.07.16-07.15.03:213][675]LogSavePackage: Display: Finished SavePackage ../../../../../../git/UE4_Begin_NoCoding/UE4Learning/Content/01_Turntable/01_Turntable_Banana.umap
[2018.07.16-07.15.03:248][675]LogSavePackage: Save=9.00ms
[2018.07.16-07.15.03:248][675]LogSavePackage: Moving '../../../../../../git/UE4_Begin_NoCoding/UE4Learning/Saved/01_Turntable_Banana_BuiltData5DADEAD145AC225DC37E228AC5D28305.tmp' to '../../../../../../git/UE4_Begin_NoCoding/UE4Learning/Content/01_Turntable/01_Turntable_Banana_BuiltData.uasset'
[2018.07.16-07.15.03:249][675]LogSavePackage: Display: Finished SavePackage ../../../../../../git/UE4_Begin_NoCoding/UE4Learning/Content/01_Turntable/01_Turntable_Banana_BuiltData.uasset
[2018.07.16-07.15.03:747][733]LogSlate: FSceneViewport::OnFocusLost() reason 2
[2018.07.16-07.15.03:784][733]LogSavePackage: Save=19.66ms
[2018.07.16-07.15.03:784][733]LogSavePackage: Moving '../../../../../../git/UE4_Begin_NoCoding/UE4Learning/Saved/01_Turntable_Banana509D544B4F8B0BB95023958A5669BA77.tmp' to '../../../../../../git/UE4_Begin_NoCoding/UE4Learning/Content/01_Turntable/01_Turntable_Banana.umap'
[2018.07.16-07.15.03:785][733]LogSavePackage: Display: Finished SavePackage ../../../../../../git/UE4_Begin_NoCoding/UE4Learning/Content/01_Turntable/01_Turntable_Banana.umap
[2018.07.16-07.15.03:818][733]LogSavePackage: Save=9.95ms
[2018.07.16-07.15.03:818][733]LogSavePackage: Moving '../../../../../../git/UE4_Begin_NoCoding/UE4Learning/Saved/01_Turntable_Banana_BuiltData72987F84408DDD0BB696F99A54DD8FC7.tmp' to '../../../../../../git/UE4_Begin_NoCoding/UE4Learning/Content/01_Turntable/01_Turntable_Banana_BuiltData.uasset'
[2018.07.16-07.15.03:819][733]LogSavePackage: Display: Finished SavePackage ../../../../../../git/UE4_Begin_NoCoding/UE4Learning/Content/01_Turntable/01_Turntable_Banana_BuiltData.uasset
[2018.07.16-07.15.03:899][741]LogSlate: FSceneViewport::OnFocusLost() reason 2
[2018.07.16-07.15.03:935][741]LogSavePackage: Save=18.88ms
[2018.07.16-07.15.03:935][741]LogSavePackage: Moving '../../../../../../git/UE4_Begin_NoCoding/UE4Learning/Saved/01_Turntable_BananaB691209C45F4AE0F80EAC4A7496D4059.tmp' to '../../../../../../git/UE4_Begin_NoCoding/UE4Learning/Content/01_Turntable/01_Turntable_Banana.umap'
[2018.07.16-07.15.03:936][741]LogSavePackage: Display: Finished SavePackage ../../../../../../git/UE4_Begin_NoCoding/UE4Learning/Content/01_Turntable/01_Turntable_Banana.umap
[2018.07.16-07.15.03:968][741]LogSavePackage: Save=9.19ms
[2018.07.16-07.15.03:968][741]LogSavePackage: Moving '../../../../../../git/UE4_Begin_NoCoding/UE4Learning/Saved/01_Turntable_Banana_BuiltDataB91C0D86421C3546A8A1A4B0BC450834.tmp' to '../../../../../../git/UE4_Begin_NoCoding/UE4Learning/Content/01_Turntable/01_Turntable_Banana_BuiltData.uasset'
[2018.07.16-07.15.03:968][741]LogSavePackage: Display: Finished SavePackage ../../../../../../git/UE4_Begin_NoCoding/UE4Learning/Content/01_Turntable/01_Turntable_Banana_BuiltData.uasset
[2018.07.16-07.15.04:049][749]LogSlate: FSceneViewport::OnFocusLost() reason 2
[2018.07.16-07.15.04:086][749]LogSavePackage: Save=19.71ms
[2018.07.16-07.15.04:086][749]LogSavePackage: Moving '../../../../../../git/UE4_Begin_NoCoding/UE4Learning/Saved/01_Turntable_Banana9F7C105946032762AB40BEACFE17D9B6.tmp' to '../../../../../../git/UE4_Begin_NoCoding/UE4Learning/Content/01_Turntable/01_Turntable_Banana.umap'
[2018.07.16-07.15.04:087][749]LogSavePackage: Display: Finished SavePackage ../../../../../../git/UE4_Begin_NoCoding/UE4Learning/Content/01_Turntable/01_Turntable_Banana.umap
[2018.07.16-07.15.04:117][749]LogSavePackage: Save=9.31ms
[2018.07.16-07.15.04:117][749]LogSavePackage: Moving '../../../../../../git/UE4_Begin_NoCoding/UE4Learning/Saved/01_Turntable_Banana_BuiltDataBC9A6B7E475CFF242F25AAA051679AF2.tmp' to '../../../../../../git/UE4_Begin_NoCoding/UE4Learning/Content/01_Turntable/01_Turntable_Banana_BuiltData.uasset'
[2018.07.16-07.15.04:118][749]LogSavePackage: Display: Finished SavePackage ../../../../../../git/UE4_Begin_NoCoding/UE4Learning/Content/01_Turntable/01_Turntable_Banana_BuiltData.uasset
[2018.07.16-07.15.08:296][858]LogSlate: FSceneViewport::OnFocusLost() reason 0
[2018.07.16-07.15.12:963][416]LogTemp: Repeating last play command: Simulate
[2018.07.16-07.15.12:974][416]LogPlayLevel: PlayLevel: No blueprints needed recompiling
[2018.07.16-07.15.12:974][416]PIE: New page: SIE session: 01_Turntable_Banana (Jul 16, 2018, 11:15:12 PM)
[2018.07.16-07.15.12:974][416]LogPlayLevel: Creating play world package: /Game/01_Turntable/UEDPIE_0_01_Turntable_Banana
[2018.07.16-07.15.12:975][416]LogPlayLevel: PIE: StaticDuplicateObject took: (0.001425s)
[2018.07.16-07.15.12:976][416]LogAIModule: Creating AISystem for world 01_Turntable_Banana
[2018.07.16-07.15.12:976][416]LogPlayLevel: PIE: World Init took: (0.000834s)
[2018.07.16-07.15.12:976][416]LogPlayLevel: PIE: Created PIE world by copying editor world from /Game/01_Turntable/01_Turntable_Banana.01_Turntable_Banana to /Game/01_Turntable/UEDPIE_0_01_Turntable_Banana.01_Turntable_Banana (0.002376s)
[2018.07.16-07.15.12:992][416]LogInit: XAudio2 using '扬声器/听筒 (Realtek Audio)' : 2 channels at 48 kHz using 32 bits per sample (channel mask 0x3)
[2018.07.16-07.15.13:081][416]LogInit: FAudioDevice initialized.
[2018.07.16-07.15.13:114][416]LogLoad: Game class is 'GameModeBase'
[2018.07.16-07.15.13:115][416]LogWorld: Bringing World /Game/01_Turntable/UEDPIE_0_01_Turntable_Banana.01_Turntable_Banana up for play (max tick rate 0) at 2018.07.16-15.15.13
[2018.07.16-07.15.13:115][416]LogWorld: Bringing up level for play took: 0.000488
[2018.07.16-07.15.13:116][416]PIE: Play in editor start time for /Game/01_Turntable/UEDPIE_0_01_Turntable_Banana -0.359
